377696 execve("./level1", ["./level1"], 0x7ffec0910168 /* 50 vars */) = 0
377696 brk(NULL)                        = 0x57605000
377696 arch_prctl(0x3001 /* ARCH_??? */, 0xff8a0178) = -1 EINVAL (Invalid argument)
377696 mmap2(NULL, 8192, PROT_READ|PROT_WRITE, MAP_PRIVATE|MAP_ANONYMOUS, -1, 0) = 0xf7f60000
377696 access("/etc/ld.so.nohwcap", F_OK) = -1 ENOENT (No such file or directory)
377696 access("/etc/ld.so.preload", R_OK) = -1 ENOENT (No such file or directory)
377696 openat(AT_FDCWD, "/etc/ld.so.cache", O_RDONLY|O_LARGEFILE|O_CLOEXEC) = 3
377696 statx(3, "", AT_STATX_SYNC_AS_STAT|AT_NO_AUTOMOUNT|AT_EMPTY_PATH, STATX_BASIC_STATS, {stx_mask=STATX_BASIC_STATS|STATX_MNT_ID, stx_attributes=0, stx_mode=S_IFREG|0644, stx_size=104351, ...}) = 0
377696 mmap2(NULL, 104351, PROT_READ, MAP_PRIVATE, 3, 0) = 0xf7f46000
377696 close(3)                         = 0
377696 access("/etc/ld.so.nohwcap", F_OK) = -1 ENOENT (No such file or directory)
377696 openat(AT_FDCWD, "/lib32/libc.so.6", O_RDONLY|O_LARGEFILE|O_CLOEXEC) = 3
377696 read(3, "\177ELF\1\1\1\3\0\0\0\0\0\0\0\0\3\0\3\0\1\0\0\0`\27\2\0004\0\0\0\220j\"\0\0\0\0\0004\0 \0\r\0(\0?\0>\0\6\0\0\0004\0\0\0004\0\0\0004\0\0\0\240\1\0\0\240\1\0\0\4\0\0\0\4\0\0\0\3\0\0\0\2408\34\0\2408\34\0\2408\34\0\23\0\0\0\23\0\0\0\4\0\0\0\4\0\0\0\1\0\0\0\0\0\0\0\0\0\0\0\0\0\0\0d\370\1\0d\370\1\0\4\0\0\0\0\20\0\0\1\0\0\0\0\0\2\0\0\0\2\0\0\0\2\0\322\335\27\0\322\335\27\0\5\0\0\0\0\20\0\0\1\0\0\0\0\340\31\0\0\340\31\0\0\340\31\0\210K\10\0\210K\10\0\4\0\0\0\0\20\0\0\1\0\0\0\0243\"\0\24C\"\0\24C\"\0\4,\0\0\250\304\0\0\6\0\0\0\0\20\0\0\2\0\0\0\254M\"\0\254]\"\0"..., 512) = 512
377696 pread64(3, "\4\0\0\0\24\0\0\0\3\0\0\0GNU\0\216\242X\256d\367\36\25w6u\323\321\324\30\326\244\230\344\33\4\0\0\0\20\0\0\0\1\0\0\0GNU\0\0\0\0\0\3\0\0\0\2\0\0\0\0\0\0\0\4\0\0\0\f\0\0\0\5\0\0\0GNU\0\2\0\0\300\4\0\0\0\3\0\0\0", 96, 468) = 96
377696 statx(3, "", AT_STATX_SYNC_AS_STAT|AT_NO_AUTOMOUNT|AT_EMPTY_PATH, STATX_BASIC_STATS, {stx_mask=STATX_BASIC_STATS|STATX_MNT_ID, stx_attributes=0, stx_mode=S_IFREG|0755, stx_size=2258024, ...}) = 0
377696 mmap2(NULL, 2295740, PROT_READ, MAP_PRIVATE|MAP_DENYWRITE, 3, 0) = 0xf7d15000
377696 mprotect(0xf7d35000, 2113536, PROT_NONE) = 0
377696 mmap2(0xf7d35000, 1564672, PROT_READ|PROT_EXEC, MAP_PRIVATE|MAP_FIXED|MAP_DENYWRITE, 3, 0x20000) = 0xf7d35000
377696 mmap2(0xf7eb3000, 544768, PROT_READ, MAP_PRIVATE|MAP_FIXED|MAP_DENYWRITE, 3, 0x19e000) = 0xf7eb3000
377696 mmap2(0xf7f39000, 12288, PROT_READ|PROT_WRITE, MAP_PRIVATE|MAP_FIXED|MAP_DENYWRITE, 3, 0x223000) = 0xf7f39000
377696 mmap2(0xf7f3c000, 38844, PROT_READ|PROT_WRITE, MAP_PRIVATE|MAP_FIXED|MAP_ANONYMOUS, -1, 0) = 0xf7f3c000
377696 close(3)                         = 0
377696 set_thread_area({entry_number=-1, base_addr=0xf7f61500, limit=0x0fffff, seg_32bit=1, contents=0, read_exec_only=0, limit_in_pages=1, seg_not_present=0, useable=1}) = 0 (entry_number=12)
377696 set_tid_address(0xf7f61568)      = 377696
377696 set_robust_list(0xf7f61570, 12)  = 0
377696 rseq(0xf7f61a20, 0x20, 0, 0x53053053) = 0
377696 mprotect(0xf7f39000, 8192, PROT_READ) = 0
377696 mprotect(0x5662c000, 4096, PROT_READ) = 0
377696 mprotect(0xf7f9d000, 8192, PROT_READ) = 0
377696 ugetrlimit(RLIMIT_STACK, {rlim_cur=8192*1024, rlim_max=RLIM_INFINITY}) = 0
377696 munmap(0xf7f46000, 104351)       = 0
377696 statx(1, "", AT_STATX_SYNC_AS_STAT|AT_NO_AUTOMOUNT|AT_EMPTY_PATH, STATX_BASIC_STATS, {stx_mask=STATX_BASIC_STATS|STATX_MNT_ID, stx_attributes=0, stx_mode=S_IFCHR|0620, stx_size=0, ...}) = 0
377696 getrandom("\xe6\x21\x84\xd6", 4, GRND_NONBLOCK) = 4
377696 brk(NULL)                        = 0x57605000
377696 brk(0x57626000)                  = 0x57626000
377696 brk(0x57627000)                  = 0x57627000
377696 statx(0, "", AT_STATX_SYNC_AS_STAT|AT_NO_AUTOMOUNT|AT_EMPTY_PATH, STATX_BASIC_STATS, {stx_mask=STATX_BASIC_STATS|STATX_MNT_ID, stx_attributes=0, stx_mode=S_IFCHR|0620, stx_size=0, ...}) = 0
377696 write(1, "Please enter key: ", 18) = 18
377696 read(0, "h\n", 1024)             = 2
377696 write(1, "Nope.\n", 6)           = 6
377696 _llseek(0, -1, 0xff8a0090, SEEK_CUR) = -1 ESPIPE (Illegal seek)
377696 exit_group(0)                    = ?
377696 +++ exited with 0 +++
